<?xml version="1.0" encoding="UTF-8"?>
<testsuite name="C:/Users/BIOTECH/IdeaProjects/API_Automation"
           tests="2"
           failures="0"
           errors="0"
           skipped="0"
           time="3.528">
    <properties></properties>



            <testcase
                name="createBooking"
                time="2.304"
                classname="com.API_Automation.testcases.CRUD.testCreateBooking">
            </testcase>
            <testcase
                name="createInvalidBooking"
                time="1.224"
                classname="com.API_Automation.testcases.CRUD.testCreateBooking">
            </testcase>
</testsuite>
