<?xml version="1.0" encoding="UTF-8"?>
<testsuite name="C:/Users/BIOTECH/IdeaProjects/API_Automation"
           tests="4"
           failures="0"
           errors="0"
           skipped="0"
           time="8.458">
    <properties></properties>



            <testcase
                name="createBooking"
                time="4.495"
                classname="com.API_Automation.testcases.Integration.testIntegration">
            </testcase>
            <testcase
                name="getBooking"
                time="1.406"
                classname="com.API_Automation.testcases.Integration.testIntegration">
            </testcase>
            <testcase
                name="updateBooking"
                time="1.311"
                classname="com.API_Automation.testcases.Integration.testIntegration">
            </testcase>
            <testcase
                name="deleteBooking"
                time="1.246"
                classname="com.API_Automation.testcases.Integration.testIntegration">
            </testcase>
</testsuite>
