<?xml version="1.0" encoding="UTF-8"?>
<testsuite name="C:/Users/BIOTECH/IdeaProjects/API_Automation"
           tests="4"
           failures="1"
           errors="0"
           skipped="0"
           time="7.348">
    <properties></properties>

            <testcase
                name="getBooking"
                time="1.210"
                classname="com.API_Automation.testcases.Integration.testIntegration">

            <failure type="java.lang.NullPointerException" message="Cannot invoke &quot;com.API_Automation.pojofiles.Booking.getLastname()&quot; because the return value of &quot;com.API_Automation.pojofiles.BookingResponse.getBooking()&quot; is null">
                <![CDATA[java.lang.NullPointerException: Cannot invoke "com.API_Automation.pojofiles.Booking.getLastname()" because the return value of "com.API_Automation.pojofiles.BookingResponse.getBooking()" is null
                com.API_Automation.testcases.Integration.testIntegration.getBooking(testIntegration.java:63)java.base/jdk.internal.reflect.DirectMethodHandleAccessor.invoke(DirectMethodHandleAccessor.java:103)java.base/java.lang.reflect.Method.invoke(Method.java:580)org.testng.internal.invokers.MethodInvocationHelper.invokeMethod(MethodInvocationHelper.java:141)org.testng.internal.invokers.TestInvoker.invokeMethod(TestInvoker.java:687)org.testng.internal.invokers.TestInvoker.invokeTestMethod(TestInvoker.java:230)org.testng.internal.invokers.MethodRunner.runInSequence(MethodRunner.java:63)org.testng.internal.invokers.TestInvoker$MethodInvocationAgent.invoke(TestInvoker.java:995)org.testng.internal.invokers.TestInvoker.invokeTestMethods(TestInvoker.java:203)org.testng.internal.invokers.TestMethodWorker.invokeTestMethods(TestMethodWorker.java:154)org.testng.internal.invokers.TestMethodWorker.run(TestMethodWorker.java:134)java.base/java.util.ArrayList.forEach(ArrayList.java:1597)org.testng.TestRunner.privateRun(TestRunner.java:741)org.testng.TestRunner.run(TestRunner.java:616)org.testng.SuiteRunner.runTest(SuiteRunner.java:421)org.testng.SuiteRunner.runSequentially(SuiteRunner.java:413)org.testng.SuiteRunner.privateRun(SuiteRunner.java:373)org.testng.SuiteRunner.run(SuiteRunner.java:312)org.testng.SuiteRunnerWorker.runSuite(SuiteRunnerWorker.java:52)org.testng.SuiteRunnerWorker.run(SuiteRunnerWorker.java:95)org.testng.TestNG.runSuitesSequentially(TestNG.java:1274)org.testng.TestNG.runSuitesLocally(TestNG.java:1208)org.testng.TestNG.runSuites(TestNG.java:1112)org.testng.TestNG.run(TestNG.java:1079)com.intellij.rt.testng.IDEARemoteTestNG.run(IDEARemoteTestNG.java:65)com.intellij.rt.testng.RemoteTestNGStarter.main(RemoteTestNGStarter.java:105)
]]>
            </failure>
    </testcase>


            <testcase
                name="deleteBooking"
                time="1.265"
                classname="com.API_Automation.testcases.Integration.testIntegration">
            </testcase>
            <testcase
                name="createBooking"
                time="3.591"
                classname="com.API_Automation.testcases.Integration.testIntegration">
            </testcase>
            <testcase
                name="updateBooking"
                time="1.282"
                classname="com.API_Automation.testcases.Integration.testIntegration">
            </testcase>
</testsuite>
